<?xml version="1.0" encoding="UTF-8"?>
<testsuite xmlns:xsi="http://www.w3.org/2001/XMLSchema-instance" xsi:noNamespaceSchemaLocation="https://maven.apache.org/surefire/maven-surefire-plugin/xsd/surefire-test-report-3.0.xsd" version="3.0" name="com.example.RMQ_SPRINGB.RmqSpringbApplicationTests" time="5.315" tests="1" errors="0" skipped="0" failures="0">
  <properties>
[...]
</properties>
  <testcase name="contextLoads" classname="com.example.RMQ_SPRINGB.RmqSpringbApplicationTests" time="0.579">
    <system-out><![CDATA[16:57:35.715 [main] INFO org.springframework.test.context.support.AnnotationConfigContextLoaderUtils -- Could not detect default configuration classes for test class [com.example.RMQ_SPRINGB.RmqSpringbApplicationTests]: RmqSpringbApplicationTests does not declare any static, non-private, non-final, nested classes annotated with @Configuration.
16:57:35.790 [main] INFO org.springframework.boot.test.context.SpringBootTestContextBootstrapper -- Found @SpringBootConfiguration com.example.RMQ_SPRINGB.RmqSpringbApplication for test class com.example.RMQ_SPRINGB.RmqSpringbApplicationTests

  .   ____          _            __ _ _
 /\\ / ___'_ __ _ _(_)_ __  __ _ \ \ \ \
( ( )\___ | '_ | '_| | '_ \/ _` | \ \ \ \
 \\/  ___)| |_)| | | | | || (_| |  ) ) ) )
  '  |____| .__|_| |_|_| |_\__, | / / / /
 =========|_|==============|___/=/_/_/_/
 :: Spring Boot ::                (v3.1.5)

2023-11-21T16:57:36.125+01:00  INFO 11568 --- [           main] c.e.R.RmqSpringbApplicationTests         : Starting RmqSpringbApplicationTests using Java 17.0.8 with PID 11568 (started by thomr in D:\code lavoro\proggetto synclab\RABBITMQ_SPRING_DOCKER\RMQ_SPRINGB)
2023-11-21T16:57:36.126+01:00  INFO 11568 --- [           main] c.e.R.RmqSpringbApplicationTests         : No active profile set, falling back to 1 default profile: "default"
2023-11-21T16:57:37.553+01:00 DEBUG 11568 --- [           main] .a.r.l.a.MessagingMessageListenerAdapter : Inferred argument type for public void com.example.RMQ_SPRINGB.consumer.RMQConsumer.consume(java.lang.String) is class java.lang.String
2023-11-21T16:57:37.576+01:00 DEBUG 11568 --- [           main] o.s.a.r.l.SimpleMessageListenerContainer : No global properties bean
2023-11-21T16:57:37.576+01:00 DEBUG 11568 --- [           main] .a.r.l.a.MessagingMessageListenerAdapter : Inferred argument type for public void com.example.RMQ_SPRINGB.consumer.RMQJsonConsumer.consumeJsonMessage(com.example.RMQ_SPRINGB.dto.User) is class com.example.RMQ_SPRINGB.dto.User
2023-11-21T16:57:37.577+01:00 DEBUG 11568 --- [           main] o.s.a.r.l.SimpleMessageListenerContainer : No global properties bean
2023-11-21T16:57:37.580+01:00 DEBUG 11568 --- [           main] o.s.a.r.l.SimpleMessageListenerContainer : Starting Rabbit listener container.
2023-11-21T16:57:37.584+01:00  INFO 11568 --- [           main] o.s.a.r.c.CachingConnectionFactory       : Attempting to connect to: [rabbitmq:5672]
2023-11-21T16:57:40.294+01:00  INFO 11568 --- [           main] o.s.a.r.l.SimpleMessageListenerContainer : Broker not available; cannot force queue declarations during start: java.net.UnknownHostException: Host sconosciuto (rabbitmq)
2023-11-21T16:57:40.300+01:00  INFO 11568 --- [ntContainer#0-1] o.s.a.r.c.CachingConnectionFactory       : Attempting to connect to: [rabbitmq:5672]
2023-11-21T16:57:40.300+01:00 ERROR 11568 --- [ntContainer#0-1] o.s.a.r.l.SimpleMessageListenerContainer : Failed to check/redeclare auto-delete queue(s).

org.springframework.amqp.AmqpIOException: java.net.UnknownHostException: rabbitmq
	at org.springframework.amqp.rabbit.support.RabbitExceptionTranslator.convertRabbitAccessException(RabbitExceptionTranslator.java:70) ~[spring-rabbit-3.0.10.jar:3.0.10]
	at org.springframework.amqp.rabbit.connection.AbstractConnectionFactory.createBareConnection(AbstractConnectionFactory.java:594) ~[spring-rabbit-3.0.10.jar:3.0.10]
	at org.springframework.amqp.rabbit.connection.CachingConnectionFactory.createConnection(CachingConnectionFactory.java:711) ~[spring-rabbit-3.0.10.jar:3.0.10]
	at org.springframework.amqp.rabbit.connection.ConnectionFactoryUtils.createConnection(ConnectionFactoryUtils.java:257) ~[spring-rabbit-3.0.10.jar:3.0.10]
	at org.springframework.amqp.rabbit.core.RabbitTemplate.doExecute(RabbitTemplate.java:2225) ~[spring-rabbit-3.0.10.jar:3.0.10]
	at org.springframework.amqp.rabbit.core.RabbitTemplate.execute(RabbitTemplate.java:2198) ~[spring-rabbit-3.0.10.jar:3.0.10]
	at org.springframework.amqp.rabbit.core.RabbitTemplate.execute(RabbitTemplate.java:2178) ~[spring-rabbit-3.0.10.jar:3.0.10]
	at org.springframework.amqp.rabbit.core.RabbitAdmin.getQueueInfo(RabbitAdmin.java:465) ~[spring-rabbit-3.0.10.jar:3.0.10]
	at org.springframework.amqp.rabbit.core.RabbitAdmin.getQueueProperties(RabbitAdmin.java:449) ~[spring-rabbit-3.0.10.jar:3.0.10]
	at org.springframework.amqp.rabbit.listener.AbstractMessageListenerContainer.attemptDeclarations(AbstractMessageListenerContainer.java:1937) ~[spring-rabbit-3.0.10.jar:3.0.10]
	at org.springframework.amqp.rabbit.listener.AbstractMessageListenerContainer.redeclareElementsIfNecessary(AbstractMessageListenerContainer.java:1905) ~[spring-rabbit-3.0.10.jar:3.0.10]
	at org.springframework.amqp.rabbit.listener.SimpleMessageListenerContainer$AsyncMessageProcessingConsumer.initialize(SimpleMessageListenerContainer.java:1381) ~[spring-rabbit-3.0.10.jar:3.0.10]
	at org.springframework.amqp.rabbit.listener.SimpleMessageListenerContainer$AsyncMessageProcessingConsumer.run(SimpleMessageListenerContainer.java:1223) ~[spring-rabbit-3.0.10.jar:3.0.10]
	at java.base/java.lang.Thread.run(Thread.java:833) ~[na:na]
Caused by: java.net.UnknownHostException: rabbitmq
	at java.base/java.net.InetAddress$CachedAddresses.get(InetAddress.java:801) ~[na:na]
	at java.base/java.net.InetAddress.getAllByName0(InetAddress.java:1532) ~[na:na]
	at java.base/java.net.InetAddress.getAllByName(InetAddress.java:1384) ~[na:na]
	at java.base/java.net.InetAddress.getAllByName(InetAddress.java:1305) ~[na:na]
	at com.rabbitmq.client.DnsRecordIpAddressResolver.resolveIpAddresses(DnsRecordIpAddressResolver.java:83) ~[amqp-client-5.17.1.jar:5.17.1]
	at com.rabbitmq.client.DnsRecordIpAddressResolver.getAddresses(DnsRecordIpAddressResolver.java:73) ~[amqp-client-5.17.1.jar:5.17.1]
	at com.rabbitmq.client.ConnectionFactory.newConnection(ConnectionFactory.java:1230) ~[amqp-client-5.17.1.jar:5.17.1]
	at com.rabbitmq.client.ConnectionFactory.newConnection(ConnectionFactory.java:1184) ~[amqp-client-5.17.1.jar:5.17.1]
	at org.springframework.amqp.rabbit.connection.AbstractConnectionFactory.connectAddresses(AbstractConnectionFactory.java:632) ~[spring-rabbit-3.0.10.jar:3.0.10]
	at org.springframework.amqp.rabbit.connection.AbstractConnectionFactory.connect(AbstractConnectionFactory.java:607) ~[spring-rabbit-3.0.10.jar:3.0.10]
	at org.springframework.amqp.rabbit.connection.AbstractConnectionFactory.createBareConnection(AbstractConnectionFactory.java:557) ~[spring-rabbit-3.0.10.jar:3.0.10]
	... 12 common frames omitted

2023-11-21T16:57:40.317+01:00 DEBUG 11568 --- [ntContainer#0-1] o.s.a.r.listener.BlockingQueueConsumer   : Starting consumer Consumer@3249e278: tags=[[]], channel=null, acknowledgeMode=AUTO local queue size=0
2023-11-21T16:57:40.320+01:00  INFO 11568 --- [ntContainer#0-1] o.s.a.r.c.CachingConnectionFactory       : Attempting to connect to: [rabbitmq:5672]
2023-11-21T16:57:40.320+01:00 DEBUG 11568 --- [           main] o.s.a.r.l.SimpleMessageListenerContainer : Starting Rabbit listener container.
2023-11-21T16:57:40.321+01:00  INFO 11568 --- [           main] o.s.a.r.c.CachingConnectionFactory       : Attempting to connect to: [rabbitmq:5672]
2023-11-21T16:57:40.321+01:00  INFO 11568 --- [           main] o.s.a.r.l.SimpleMessageListenerContainer : Broker not available; cannot force queue declarations during start: java.net.UnknownHostException: rabbitmq
2023-11-21T16:57:40.321+01:00 DEBUG 11568 --- [ntContainer#0-1] o.s.a.r.l.SimpleMessageListenerContainer : Recovering consumer in 5000 ms.
2023-11-21T16:57:40.321+01:00  INFO 11568 --- [ntContainer#1-1] o.s.a.r.c.CachingConnectionFactory       : Attempting to connect to: [rabbitmq:5672]
2023-11-21T16:57:40.322+01:00 ERROR 11568 --- [ntContainer#1-1] o.s.a.r.l.SimpleMessageListenerContainer : Failed to check/redeclare auto-delete queue(s).

org.springframework.amqp.AmqpIOException: java.net.UnknownHostException: rabbitmq
	at org.springframework.amqp.rabbit.support.RabbitExceptionTranslator.convertRabbitAccessException(RabbitExceptionTranslator.java:70) ~[spring-rabbit-3.0.10.jar:3.0.10]
	at org.springframework.amqp.rabbit.connection.AbstractConnectionFactory.createBareConnection(AbstractConnectionFactory.java:594) ~[spring-rabbit-3.0.10.jar:3.0.10]
	at org.springframework.amqp.rabbit.connection.CachingConnectionFactory.createConnection(CachingConnectionFactory.java:711) ~[spring-rabbit-3.0.10.jar:3.0.10]
	at org.springframework.amqp.rabbit.connection.ConnectionFactoryUtils.createConnection(ConnectionFactoryUtils.java:257) ~[spring-rabbit-3.0.10.jar:3.0.10]
	at org.springframework.amqp.rabbit.core.RabbitTemplate.doExecute(RabbitTemplate.java:2225) ~[spring-rabbit-3.0.10.jar:3.0.10]
	at org.springframework.amqp.rabbit.core.RabbitTemplate.execute(RabbitTemplate.java:2198) ~[spring-rabbit-3.0.10.jar:3.0.10]
	at org.springframework.amqp.rabbit.core.RabbitTemplate.execute(RabbitTemplate.java:2178) ~[spring-rabbit-3.0.10.jar:3.0.10]
	at org.springframework.amqp.rabbit.core.RabbitAdmin.getQueueInfo(RabbitAdmin.java:465) ~[spring-rabbit-3.0.10.jar:3.0.10]
	at org.springframework.amqp.rabbit.core.RabbitAdmin.getQueueProperties(RabbitAdmin.java:449) ~[spring-rabbit-3.0.10.jar:3.0.10]
	at org.springframework.amqp.rabbit.listener.AbstractMessageListenerContainer.attemptDeclarations(AbstractMessageListenerContainer.java:1937) ~[spring-rabbit-3.0.10.jar:3.0.10]
	at org.springframework.amqp.rabbit.listener.AbstractMessageListenerContainer.redeclareElementsIfNecessary(AbstractMessageListenerContainer.java:1905) ~[spring-rabbit-3.0.10.jar:3.0.10]
	at org.springframework.amqp.rabbit.listener.SimpleMessageListenerContainer$AsyncMessageProcessingConsumer.initialize(SimpleMessageListenerContainer.java:1381) ~[spring-rabbit-3.0.10.jar:3.0.10]
	at org.springframework.amqp.rabbit.listener.SimpleMessageListenerContainer$AsyncMessageProcessingConsumer.run(SimpleMessageListenerContainer.java:1223) ~[spring-rabbit-3.0.10.jar:3.0.10]
	at java.base/java.lang.Thread.run(Thread.java:833) ~[na:na]
Caused by: java.net.UnknownHostException: rabbitmq
	at java.base/java.net.InetAddress$CachedAddresses.get(InetAddress.java:801) ~[na:na]
	at java.base/java.net.InetAddress.getAllByName0(InetAddress.java:1532) ~[na:na]
	at java.base/java.net.InetAddress.getAllByName(InetAddress.java:1384) ~[na:na]
	at java.base/java.net.InetAddress.getAllByName(InetAddress.java:1305) ~[na:na]
	at com.rabbitmq.client.DnsRecordIpAddressResolver.resolveIpAddresses(DnsRecordIpAddressResolver.java:83) ~[amqp-client-5.17.1.jar:5.17.1]
	at com.rabbitmq.client.DnsRecordIpAddressResolver.getAddresses(DnsRecordIpAddressResolver.java:73) ~[amqp-client-5.17.1.jar:5.17.1]
	at com.rabbitmq.client.ConnectionFactory.newConnection(ConnectionFactory.java:1230) ~[amqp-client-5.17.1.jar:5.17.1]
	at com.rabbitmq.client.ConnectionFactory.newConnection(ConnectionFactory.java:1184) ~[amqp-client-5.17.1.jar:5.17.1]
	at org.springframework.amqp.rabbit.connection.AbstractConnectionFactory.connectAddresses(AbstractConnectionFactory.java:632) ~[spring-rabbit-3.0.10.jar:3.0.10]
	at org.springframework.amqp.rabbit.connection.AbstractConnectionFactory.connect(AbstractConnectionFactory.java:607) ~[spring-rabbit-3.0.10.jar:3.0.10]
	at org.springframework.amqp.rabbit.connection.AbstractConnectionFactory.createBareConnection(AbstractConnectionFactory.java:557) ~[spring-rabbit-3.0.10.jar:3.0.10]
	... 12 common frames omitted

2023-11-21T16:57:40.322+01:00 DEBUG 11568 --- [ntContainer#1-1] o.s.a.r.listener.BlockingQueueConsumer   : Starting consumer Consumer@4a9a878: tags=[[]], channel=null, acknowledgeMode=AUTO local queue size=0
2023-11-21T16:57:40.322+01:00  INFO 11568 --- [ntContainer#1-1] o.s.a.r.c.CachingConnectionFactory       : Attempting to connect to: [rabbitmq:5672]
2023-11-21T16:57:40.322+01:00 DEBUG 11568 --- [ntContainer#1-1] o.s.a.r.l.SimpleMessageListenerContainer : Recovering consumer in 5000 ms.
2023-11-21T16:57:40.328+01:00  INFO 11568 --- [           main] c.e.R.RmqSpringbApplicationTests         : Started RmqSpringbApplicationTests in 4.416 seconds (process running for 5.108)
]]></system-out>
  </testcase>
</testsuite>